Symbol range map extraction starting
Processing 6 files
startProcessing "thretcha\roadrunner\Config.java" md5: 7458cfb78f12269a507bdedd6d52fd61
Cache Hit!
endProcessing "thretcha\roadrunner\Config.java"

startProcessing "thretcha\roadrunner\RoadHandler.java" md5: eeb978aceaedf878cdf8f85c19bc6af8
Cache Hit!
endProcessing "thretcha\roadrunner\RoadHandler.java"

startProcessing "thretcha\roadrunner\RoadRunnerMod.java" md5: 14716ad6448afc975e024662f857fd53
Cache Hit!
endProcessing "thretcha\roadrunner\RoadRunnerMod.java"

startProcessing "thretcha\roadrunner\proxy\ClientProxy.java" md5: dff74d8b9e95da91d6c9f4ac5e9e3f51
Cache Hit!
endProcessing "thretcha\roadrunner\proxy\ClientProxy.java"

startProcessing "thretcha\roadrunner\proxy\CommonProxy.java" md5: 2087f6ec9acc6b3e854095e84a4f3613
Cache Hit!
endProcessing "thretcha\roadrunner\proxy\CommonProxy.java"

startProcessing "thretcha\roadrunner\proxy\ServerProxy.java" md5: 5262ab39f33252ffd11017e2842e399c
Cache Hit!
endProcessing "thretcha\roadrunner\proxy\ServerProxy.java"

