[19:20:04] [main/INFO]: Setting user: Player483
[19:20:07] [main/WARN]: Skipping bad option: lastServer:
[19:20:07] [main/INFO]: LWJGL Version: 2.9.4
[19:20:10] [main/INFO]: Reloading ResourceManager: Default, FMLFileResourcePack:Forge Mod Loader, FMLFileResourcePack:Minecraft Forge, FMLFileResourcePack:Road Runner
[19:20:12] [Sound Library Loader/INFO]: Starting up SoundSystem...
[19:20:12] [Thread-5/INFO]: Initializing LWJGL OpenAL
[19:20:12] [Thread-5/INFO]: (The LWJGL binding of OpenAL.  For more information, see http://www.lwjgl.org)
[19:20:13] [Thread-5/INFO]: OpenAL initialized.
[19:20:13] [Sound Library Loader/INFO]: Sound engine started
[19:20:16] [main/INFO]: Created: 512x512 textures-atlas
[19:20:17] [main/WARN]: Skipping bad option: lastServer:
[19:20:17] [main/INFO]: Narrator library for x64 successfully loaded
[19:20:18] [Realms Notification Availability checker #1/INFO]: Could not authorize you against Realms server: Invalid session id
[19:20:21] [Server thread/INFO]: Starting integrated minecraft server version 1.12
[19:20:21] [Server thread/INFO]: Generating keypair
[19:20:22] [Server thread/INFO]: Loaded 488 advancements
[19:20:22] [Server thread/INFO]: Preparing start region for level 0
[19:20:23] [Server thread/INFO]: Changing view distance to 12, from 10
[19:20:24] [Server thread/INFO]: Player483[local:E:6dbb8b7b] logged in with entity id 230 at (138.33687180401097, 72.0, 247.56174661259897)
[19:20:24] [Server thread/INFO]: Player483 joined the game
[19:20:25] [Server thread/INFO]: Saving and pausing game...
[19:20:25] [Server thread/INFO]: Saving chunks for level 'Testworld'/overworld
[19:20:25] [Server thread/INFO]: Saving chunks for level 'Testworld'/the_nether
[19:20:25] [Server thread/INFO]: Saving chunks for level 'Testworld'/the_end
[19:20:25] [main/INFO]: Loaded 29 advancements
[19:20:25] [pool-2-thread-1/WARN]: Couldn't look up profile properties for com.mojang.authlib.GameProfile@144b09ca[id=4941828d-27d9-3ea5-a0e2-8e881702c195,name=Player483,properties={},legacy=false]
com.mojang.authlib.exceptions.AuthenticationException: The client has sent too many requests within a certain amount of time
	at com.mojang.authlib.yggdrasil.YggdrasilAuthenticationService.makeRequest(YggdrasilAuthenticationService.java:79) ~[YggdrasilAuthenticationService.class:?]
	at com.mojang.authlib.yggdrasil.YggdrasilMinecraftSessionService.fillGameProfile(YggdrasilMinecraftSessionService.java:180) [YggdrasilMinecraftSessionService.class:?]
	at com.mojang.authlib.yggdrasil.YggdrasilMinecraftSessionService$1.load(YggdrasilMinecraftSessionService.java:60) [YggdrasilMinecraftSessionService$1.class:?]
	at com.mojang.authlib.yggdrasil.YggdrasilMinecraftSessionService$1.load(YggdrasilMinecraftSessionService.java:57) [YggdrasilMinecraftSessionService$1.class:?]
	at com.google.common.cache.LocalCache$LoadingValueReference.loadFuture(LocalCache.java:3716) [guava-21.0.jar:?]
	at com.google.common.cache.LocalCache$Segment.loadSync(LocalCache.java:2424) [guava-21.0.jar:?]
	at com.google.common.cache.LocalCache$Segment.lockedGetOrLoad(LocalCache.java:2298) [guava-21.0.jar:?]
	at com.google.common.cache.LocalCache$Segment.get(LocalCache.java:2211) [guava-21.0.jar:?]
	at com.google.common.cache.LocalCache.get(LocalCache.java:4154) [guava-21.0.jar:?]
	at com.google.common.cache.LocalCache.getOrLoad(LocalCache.java:4158) [guava-21.0.jar:?]
	at com.google.common.cache.LocalCache$LocalLoadingCache.get(LocalCache.java:5147) [guava-21.0.jar:?]
	at com.google.common.cache.LocalCache$LocalLoadingCache.getUnchecked(LocalCache.java:5153) [guava-21.0.jar:?]
	at com.mojang.authlib.yggdrasil.YggdrasilMinecraftSessionService.fillProfileProperties(YggdrasilMinecraftSessionService.java:170) [YggdrasilMinecraftSessionService.class:?]
	at net.minecraft.client.Minecraft.getProfileProperties(Minecraft.java:3172) [Minecraft.class:?]
	at net.minecraft.client.resources.SkinManager$3.run(SkinManager.java:138) [SkinManager$3.class:?]
	at java.util.concurrent.Executors$RunnableAdapter.call(Executors.java:511) [?:1.8.0_131]
	at java.util.concurrent.FutureTask.run(FutureTask.java:266) [?:1.8.0_131]
	at java.util.concurrent.ThreadPoolExecutor.runWorker(ThreadPoolExecutor.java:1142) [?:1.8.0_131]
	at java.util.concurrent.ThreadPoolExecutor$Worker.run(ThreadPoolExecutor.java:617) [?:1.8.0_131]
	at java.lang.Thread.run(Thread.java:748) [?:1.8.0_131]
[19:21:11] [Server thread/INFO]: Player483 has made the advancement [Monster Hunter]
[19:21:11] [main/INFO]: [CHAT] Player483 has made the advancement [Monster Hunter]
[19:21:11] [main/INFO]: Loaded 39 advancements
[19:22:07] [Server thread/INFO]: Saving and pausing game...
[19:22:07] [Server thread/INFO]: Saving chunks for level 'Testworld'/overworld
[19:22:07] [Server thread/INFO]: Saving chunks for level 'Testworld'/the_nether
[19:22:07] [Server thread/INFO]: Saving chunks for level 'Testworld'/the_end
[19:22:08] [Server thread/INFO]: Stopping server
[19:22:08] [Server thread/INFO]: Saving players
[19:22:08] [Server thread/INFO]: Player483 lost connection: Disconnected
[19:22:08] [Server thread/INFO]: Player483 left the game
[19:22:08] [Server thread/INFO]: Stopping singleplayer server as player logged out
[19:22:08] [Server thread/INFO]: Saving worlds
[19:22:08] [Server thread/INFO]: Saving chunks for level 'Testworld'/overworld
[19:22:08] [Server thread/INFO]: Saving chunks for level 'Testworld'/the_nether
[19:22:08] [Server thread/INFO]: Saving chunks for level 'Testworld'/the_end
